<?xml version="1.0" encoding="UTF-8"?>
<testng-results skipped="0" failed="0" total="1" passed="1">
  <reporter-output>
  </reporter-output>
  <suite name="TestAll" duration-ms="8506" started-at="2014-09-10T22:42:02Z" finished-at="2014-09-10T22:42:10Z">
    <groups>
    </groups>
    <test name=" Practice Test" duration-ms="8506" started-at="2014-09-10T22:42:02Z" finished-at="2014-09-10T22:42:10Z">
      <class name="mypackage.MyGoogleTest">
        <test-method status="PASS" signature="test()[pri:0, instance:mypackage.MyGoogleTest@4c8b84]" name="test" duration-ms="8492" started-at="2014-09-10T15:42:02Z" finished-at="2014-09-10T15:42:10Z">
          <reporter-output>
          </reporter-output>
        </test-method> <!-- test -->
      </class> <!-- mypackage.MyGoogleTest -->
    </test> <!--  Practice Test -->
  </suite> <!-- TestAll -->
</testng-results>
